<?xml version="1.0" encoding="UTF-8"?>
<!-- Generated by org.testng.reporters.JUnitReportReporter -->
<testsuite hostname="ITCLPTP212425" failures="0" tests="9" name="cucumberOptionTestng.TestRunnerTestNG" time="15.209" errors="0" timestamp="2025-11-27T17:59:54 IST" skipped="0">
  <testcase classname="cucumberOptionTestng.TestRunnerTestNG" name="runScenario" time="1.249"/>
  <testcase classname="cucumberOptionTestng.TestRunnerTestNG" name="runScenario" time="10.654"/>
  <testcase classname="cucumberOptionTestng.TestRunnerTestNG" name="runScenario" time="0.180"/>
  <testcase classname="cucumberOptionTestng.TestRunnerTestNG" name="runScenario" time="0.078"/>
  <testcase classname="cucumberOptionTestng.TestRunnerTestNG" name="runScenario" time="0.298"/>
  <testcase classname="cucumberOptionTestng.TestRunnerTestNG" name="runScenario" time="0.182"/>
  <testcase classname="cucumberOptionTestng.TestRunnerTestNG" name="runScenario" time="0.398"/>
  <testcase classname="cucumberOptionTestng.TestRunnerTestNG" name="runScenario" time="1.736"/>
  <testcase classname="cucumberOptionTestng.TestRunnerTestNG" name="runScenario" time="0.434"/>
</testsuite> <!-- cucumberOptionTestng.TestRunnerTestNG -->
