<?xml version="1.0" encoding="UTF-8"?>
<!-- Generated by org.testng.reporters.JUnitReportReporter -->
<testsuite hostname="ITCLPTP212425" failures="1" tests="11" name="cucumberOptionTestng.TestRunnerTestNG" time="6.778" errors="0" timestamp="2025-12-05T17:09:07 IST" skipped="0">
  <testcase classname="cucumberOptionTestng.TestRunnerTestNG" name="runScenario" time="0.080"/>
  <testcase classname="cucumberOptionTestng.TestRunnerTestNG" name="runScenario" time="0.178"/>
  <testcase classname="cucumberOptionTestng.TestRunnerTestNG" name="runScenario" time="1.004"/>
  <testcase classname="cucumberOptionTestng.TestRunnerTestNG" name="runScenario" time="0.151">
    <failure message="expected [702] but found [891]" type="java.lang.AssertionError">
      <![CDATA[java.lang.AssertionError: expected [702] but found [891]
at org.testng.Assert.fail(Assert.java:111)
at org.testng.Assert.failNotEquals(Assert.java:1590)
at org.testng.Assert.assertEqualsImpl(Assert.java:150)
at org.testng.Assert.assertEquals(Assert.java:132)
at org.testng.Assert.assertEquals(Assert.java:1431)
at org.testng.Assert.assertEquals(Assert.java:1395)
at org.testng.Assert.assertEquals(Assert.java:1441)
at stepDefinationCLMAPI.ClientStakeholderStepDefination.check_contact_details_are_correct_for_the_provided_contact_ID(ClientStakeholderStepDefination.java:253)
at âœ½.check contact details are correct for the provided contact ID(file:///C:/Users/sana.patil/eclipse-workspace/GitLocalRepo/CLM_API_TENSTNG_Framwork_sub_localfolder/CLM_API_FRAMEWORK/src/test/java/features/03_ClientStakeholderAPI.feature:64)
]]>
    </failure>
  </testcase> <!-- runScenario -->
  <testcase classname="cucumberOptionTestng.TestRunnerTestNG" name="runScenario" time="0.114"/>
  <testcase classname="cucumberOptionTestng.TestRunnerTestNG" name="runScenario" time="1.677"/>
  <testcase classname="cucumberOptionTestng.TestRunnerTestNG" name="runScenario" time="0.188"/>
  <testcase classname="cucumberOptionTestng.TestRunnerTestNG" name="runScenario" time="0.451"/>
  <testcase classname="cucumberOptionTestng.TestRunnerTestNG" name="runScenario" time="2.708"/>
  <testcase classname="cucumberOptionTestng.TestRunnerTestNG" name="runScenario" time="0.139"/>
  <testcase classname="cucumberOptionTestng.TestRunnerTestNG" name="runScenario" time="0.088"/>
</testsuite> <!-- cucumberOptionTestng.TestRunnerTestNG -->
