<?xml version="1.0" encoding="UTF-8"?>
<!-- Generated by org.testng.reporters.JUnitReportReporter -->
<testsuite hostname="ITCLPTP212425" failures="0" tests="26" name="cucumberOptionTestng.TestRunnerTestNG" time="28.002" errors="0" timestamp="2025-12-18T10:49:36 IST" skipped="0">
  <testcase classname="cucumberOptionTestng.TestRunnerTestNG" name="runScenario" time="0.111"/>
  <testcase classname="cucumberOptionTestng.TestRunnerTestNG" name="runScenario" time="0.125"/>
  <testcase classname="cucumberOptionTestng.TestRunnerTestNG" name="runScenario" time="0.201"/>
  <testcase classname="cucumberOptionTestng.TestRunnerTestNG" name="runScenario" time="11.239"/>
  <testcase classname="cucumberOptionTestng.TestRunnerTestNG" name="runScenario" time="0.082"/>
  <testcase classname="cucumberOptionTestng.TestRunnerTestNG" name="runScenario" time="0.083"/>
  <testcase classname="cucumberOptionTestng.TestRunnerTestNG" name="runScenario" time="0.692"/>
  <testcase classname="cucumberOptionTestng.TestRunnerTestNG" name="runScenario" time="1.615"/>
  <testcase classname="cucumberOptionTestng.TestRunnerTestNG" name="runScenario" time="0.144"/>
  <testcase classname="cucumberOptionTestng.TestRunnerTestNG" name="runScenario" time="0.292"/>
  <testcase classname="cucumberOptionTestng.TestRunnerTestNG" name="runScenario" time="0.112"/>
  <testcase classname="cucumberOptionTestng.TestRunnerTestNG" name="runScenario" time="0.140"/>
  <testcase classname="cucumberOptionTestng.TestRunnerTestNG" name="runScenario" time="0.065"/>
  <testcase classname="cucumberOptionTestng.TestRunnerTestNG" name="runScenario" time="0.108"/>
  <testcase classname="cucumberOptionTestng.TestRunnerTestNG" name="runScenario" time="4.280"/>
  <testcase classname="cucumberOptionTestng.TestRunnerTestNG" name="runScenario" time="0.076"/>
  <testcase classname="cucumberOptionTestng.TestRunnerTestNG" name="runScenario" time="0.182"/>
  <testcase classname="cucumberOptionTestng.TestRunnerTestNG" name="runScenario" time="0.168"/>
  <testcase classname="cucumberOptionTestng.TestRunnerTestNG" name="runScenario" time="0.305"/>
  <testcase classname="cucumberOptionTestng.TestRunnerTestNG" name="runScenario" time="0.493"/>
  <testcase classname="cucumberOptionTestng.TestRunnerTestNG" name="runScenario" time="2.027"/>
  <testcase classname="cucumberOptionTestng.TestRunnerTestNG" name="runScenario" time="0.073"/>
  <testcase classname="cucumberOptionTestng.TestRunnerTestNG" name="runScenario" time="0.135"/>
  <testcase classname="cucumberOptionTestng.TestRunnerTestNG" name="runScenario" time="0.067"/>
  <testcase classname="cucumberOptionTestng.TestRunnerTestNG" name="runScenario" time="1.070"/>
  <testcase classname="cucumberOptionTestng.TestRunnerTestNG" name="runScenario" time="4.117"/>
</testsuite> <!-- cucumberOptionTestng.TestRunnerTestNG -->
