<?xml version="1.0" encoding="UTF-8"?>
<!-- Generated by org.testng.reporters.JUnitReportReporter -->
<testsuite hostname="ITCLPTP212425" failures="0" tests="11" name="cucumberOptionTestng.TestRunnerTestNG" time="10.545" errors="0" timestamp="2025-12-05T18:22:32 IST" skipped="0">
  <testcase classname="cucumberOptionTestng.TestRunnerTestNG" name="runScenario" time="6.588"/>
  <testcase classname="cucumberOptionTestng.TestRunnerTestNG" name="runScenario" time="0.172"/>
  <testcase classname="cucumberOptionTestng.TestRunnerTestNG" name="runScenario" time="0.787"/>
  <testcase classname="cucumberOptionTestng.TestRunnerTestNG" name="runScenario" time="0.313"/>
  <testcase classname="cucumberOptionTestng.TestRunnerTestNG" name="runScenario" time="0.130"/>
  <testcase classname="cucumberOptionTestng.TestRunnerTestNG" name="runScenario" time="0.117"/>
  <testcase classname="cucumberOptionTestng.TestRunnerTestNG" name="runScenario" time="0.600"/>
  <testcase classname="cucumberOptionTestng.TestRunnerTestNG" name="runScenario" time="0.179"/>
  <testcase classname="cucumberOptionTestng.TestRunnerTestNG" name="runScenario" time="1.237"/>
  <testcase classname="cucumberOptionTestng.TestRunnerTestNG" name="runScenario" time="0.274"/>
  <testcase classname="cucumberOptionTestng.TestRunnerTestNG" name="runScenario" time="0.148"/>
</testsuite> <!-- cucumberOptionTestng.TestRunnerTestNG -->
