<?xml version="1.0" encoding="UTF-8"?>
<!-- Generated by org.testng.reporters.JUnitReportReporter -->
<testsuite hostname="ITCLPTP212425" failures="0" tests="9" name="cucumberOptionTestng.TestRunnerTestNG" time="0.264" errors="0" timestamp="2025-12-02T17:15:06 IST" skipped="0">
  <testcase classname="cucumberOptionTestng.TestRunnerTestNG" name="runScenario" time="0.170"/>
  <testcase classname="cucumberOptionTestng.TestRunnerTestNG" name="runScenario" time="0.017"/>
  <testcase classname="cucumberOptionTestng.TestRunnerTestNG" name="runScenario" time="0.010"/>
  <testcase classname="cucumberOptionTestng.TestRunnerTestNG" name="runScenario" time="0.014"/>
  <testcase classname="cucumberOptionTestng.TestRunnerTestNG" name="runScenario" time="0.013"/>
  <testcase classname="cucumberOptionTestng.TestRunnerTestNG" name="runScenario" time="0.009"/>
  <testcase classname="cucumberOptionTestng.TestRunnerTestNG" name="runScenario" time="0.008"/>
  <testcase classname="cucumberOptionTestng.TestRunnerTestNG" name="runScenario" time="0.009"/>
  <testcase classname="cucumberOptionTestng.TestRunnerTestNG" name="runScenario" time="0.014"/>
</testsuite> <!-- cucumberOptionTestng.TestRunnerTestNG -->
