<?xml version="1.0" encoding="UTF-8"?>
<!-- Generated by org.testng.reporters.JUnitReportReporter -->
<testsuite hostname="ITCLPTP212425" failures="0" tests="10" name="cucumberOptionTestng.TestRunnerTestNG" time="12.696" errors="0" timestamp="2025-12-12T18:41:51 IST" skipped="0">
  <testcase classname="cucumberOptionTestng.TestRunnerTestNG" name="runScenario" time="2.845"/>
  <testcase classname="cucumberOptionTestng.TestRunnerTestNG" name="runScenario" time="0.222"/>
  <testcase classname="cucumberOptionTestng.TestRunnerTestNG" name="runScenario" time="0.074"/>
  <testcase classname="cucumberOptionTestng.TestRunnerTestNG" name="runScenario" time="0.133"/>
  <testcase classname="cucumberOptionTestng.TestRunnerTestNG" name="runScenario" time="0.172"/>
  <testcase classname="cucumberOptionTestng.TestRunnerTestNG" name="runScenario" time="0.739"/>
  <testcase classname="cucumberOptionTestng.TestRunnerTestNG" name="runScenario" time="0.140"/>
  <testcase classname="cucumberOptionTestng.TestRunnerTestNG" name="runScenario" time="1.681"/>
  <testcase classname="cucumberOptionTestng.TestRunnerTestNG" name="runScenario" time="3.697"/>
  <testcase classname="cucumberOptionTestng.TestRunnerTestNG" name="runScenario" time="2.993"/>
</testsuite> <!-- cucumberOptionTestng.TestRunnerTestNG -->
