<?xml version="1.0" encoding="UTF-8"?>
<!-- Generated by org.testng.reporters.JUnitReportReporter -->
<testsuite hostname="ITCLPTP212425" failures="0" tests="8" name="cucumberOptionTestng.TestRunnerTestNG" time="0.260" errors="0" timestamp="2025-12-10T18:20:37 IST" skipped="0">
  <testcase classname="cucumberOptionTestng.TestRunnerTestNG" name="runScenario" time="0.018"/>
  <testcase classname="cucumberOptionTestng.TestRunnerTestNG" name="runScenario" time="0.010"/>
  <testcase classname="cucumberOptionTestng.TestRunnerTestNG" name="runScenario" time="0.012"/>
  <testcase classname="cucumberOptionTestng.TestRunnerTestNG" name="runScenario" time="0.011"/>
  <testcase classname="cucumberOptionTestng.TestRunnerTestNG" name="runScenario" time="0.010"/>
  <testcase classname="cucumberOptionTestng.TestRunnerTestNG" name="runScenario" time="0.168"/>
  <testcase classname="cucumberOptionTestng.TestRunnerTestNG" name="runScenario" time="0.019"/>
  <testcase classname="cucumberOptionTestng.TestRunnerTestNG" name="runScenario" time="0.012"/>
</testsuite> <!-- cucumberOptionTestng.TestRunnerTestNG -->
