<?xml version="1.0" encoding="UTF-8"?>
<!-- Generated by org.testng.reporters.JUnitReportReporter -->
<testsuite hostname="ITCLPTP212425" failures="0" tests="9" name="cucumberOptionTestng.TestRunnerTestNG" time="14.123" errors="0" timestamp="2025-11-26T16:04:40 IST" skipped="0">
  <testcase classname="cucumberOptionTestng.TestRunnerTestNG" name="runScenario" time="0.203"/>
  <testcase classname="cucumberOptionTestng.TestRunnerTestNG" name="runScenario" time="0.193"/>
  <testcase classname="cucumberOptionTestng.TestRunnerTestNG" name="runScenario" time="10.043"/>
  <testcase classname="cucumberOptionTestng.TestRunnerTestNG" name="runScenario" time="0.318"/>
  <testcase classname="cucumberOptionTestng.TestRunnerTestNG" name="runScenario" time="0.316"/>
  <testcase classname="cucumberOptionTestng.TestRunnerTestNG" name="runScenario" time="0.458"/>
  <testcase classname="cucumberOptionTestng.TestRunnerTestNG" name="runScenario" time="0.084"/>
  <testcase classname="cucumberOptionTestng.TestRunnerTestNG" name="runScenario" time="1.631"/>
  <testcase classname="cucumberOptionTestng.TestRunnerTestNG" name="runScenario" time="0.877"/>
</testsuite> <!-- cucumberOptionTestng.TestRunnerTestNG -->
