<?xml version="1.0" encoding="UTF-8"?>
<testng-results ignored="0" total="10" passed="10" failed="0" skipped="0">
  <reporter-output>
  </reporter-output>
  <suite started-at="2025-12-12T18:41:37 IST" name="Default suite" finished-at="2025-12-12T18:41:50 IST" duration-ms="13713">
    <groups>
      <group name="cucumber">
        <method signature="AbstractTestNGCucumberTests.runScenario(io.cucumber.testng.PickleWrapper,io.cucumber.testng.FeatureWrapper)[pri:0, instance:cucumberOptionTestng.TestRunnerTestNG@7c6908d7]" name="runScenario" class="io.cucumber.testng.AbstractTestNGCucumberTests"/>
      </group> <!-- cucumber -->
    </groups>
    <test started-at="2025-12-12T18:41:37 IST" name="Default test" finished-at="2025-12-12T18:41:50 IST" duration-ms="13713">
      <class name="cucumberOptionTestng.TestRunnerTestNG">
        <test-method is-config="true" signature="setUpClass(org.testng.ITestContext)[pri:0, instance:cucumberOptionTestng.TestRunnerTestNG@7c6908d7]" started-at="2025-12-12T18:41:37 IST" name="setUpClass" finished-at="2025-12-12T18:41:38 IST" duration-ms="813" status="PASS">
          <params>
            <param index="0">
              <value>
                <![CDATA[org.testng.TestRunner@d84418a]]>
              </value>
            </param>
          </params>
          <reporter-output>
          </reporter-output>
        </test-method> <!-- setUpClass -->
        <test-method signature="runScenario(io.cucumber.testng.PickleWrapper,io.cucumber.testng.FeatureWrapper)[pri:0, instance:cucumberOptionTestng.TestRunnerTestNG@7c6908d7]" started-at="2025-12-12T18:41:38 IST" name="runScenario" description="Runs Cucumber Scenarios" data-provider="scenarios" finished-at="2025-12-12T18:41:40 IST" duration-ms="2845" status="PASS">
          <params>
            <param index="0">
              <value>
                <![CDATA["verify GetTokenAPI and take generated token"]]>
              </value>
            </param>
            <param index="1">
              <value>
                <![CDATA["verify contract header infomation api of CLM project"]]>
              </value>
            </param>
          </params>
          <reporter-output>
          </reporter-output>
        </test-method> <!-- runScenario -->
        <test-method signature="runScenario(io.cucumber.testng.PickleWrapper,io.cucumber.testng.FeatureWrapper)[pri:0, instance:cucumberOptionTestng.TestRunnerTestNG@7c6908d7]" started-at="2025-12-12T18:41:40 IST" name="runScenario" description="Runs Cucumber Scenarios" data-provider="scenarios" finished-at="2025-12-12T18:41:44 IST" duration-ms="3697" status="PASS">
          <params>
            <param index="0">
              <value>
                <![CDATA["verify SaveHeaderInformation and take data key value"]]>
              </value>
            </param>
            <param index="1">
              <value>
                <![CDATA["verify contract header infomation api of CLM project"]]>
              </value>
            </param>
          </params>
          <reporter-output>
          </reporter-output>
        </test-method> <!-- runScenario -->
        <test-method signature="runScenario(io.cucumber.testng.PickleWrapper,io.cucumber.testng.FeatureWrapper)[pri:0, instance:cucumberOptionTestng.TestRunnerTestNG@7c6908d7]" started-at="2025-12-12T18:41:44 IST" name="runScenario" description="Runs Cucumber Scenarios" data-provider="scenarios" finished-at="2025-12-12T18:41:44 IST" duration-ms="133" status="PASS">
          <params>
            <param index="0">
              <value>
                <![CDATA["Verify the total count of service provider in syste"]]>
              </value>
            </param>
            <param index="1">
              <value>
                <![CDATA["Verify service provider screen API"]]>
              </value>
            </param>
          </params>
          <reporter-output>
          </reporter-output>
        </test-method> <!-- runScenario -->
        <test-method signature="runScenario(io.cucumber.testng.PickleWrapper,io.cucumber.testng.FeatureWrapper)[pri:0, instance:cucumberOptionTestng.TestRunnerTestNG@7c6908d7]" started-at="2025-12-12T18:41:44 IST" name="runScenario" description="Runs Cucumber Scenarios" data-provider="scenarios" finished-at="2025-12-12T18:41:44 IST" duration-ms="222" status="PASS">
          <params>
            <param index="0">
              <value>
                <![CDATA["Verify address list against selected companyID"]]>
              </value>
            </param>
            <param index="1">
              <value>
                <![CDATA["Verify service provider screen API"]]>
              </value>
            </param>
          </params>
          <reporter-output>
          </reporter-output>
        </test-method> <!-- runScenario -->
        <test-method signature="runScenario(io.cucumber.testng.PickleWrapper,io.cucumber.testng.FeatureWrapper)[pri:0, instance:cucumberOptionTestng.TestRunnerTestNG@7c6908d7]" started-at="2025-12-12T18:41:44 IST" name="runScenario" description="Runs Cucumber Scenarios" data-provider="scenarios" finished-at="2025-12-12T18:41:45 IST" duration-ms="172" status="PASS">
          <params>
            <param index="0">
              <value>
                <![CDATA["Verify signing authority list against selected comapny ID"]]>
              </value>
            </param>
            <param index="1">
              <value>
                <![CDATA["Verify service provider screen API"]]>
              </value>
            </param>
          </params>
          <reporter-output>
          </reporter-output>
        </test-method> <!-- runScenario -->
        <test-method signature="runScenario(io.cucumber.testng.PickleWrapper,io.cucumber.testng.FeatureWrapper)[pri:0, instance:cucumberOptionTestng.TestRunnerTestNG@7c6908d7]" started-at="2025-12-12T18:41:45 IST" name="runScenario" description="Runs Cucumber Scenarios" data-provider="scenarios" finished-at="2025-12-12T18:41:45 IST" duration-ms="739" status="PASS">
          <params>
            <param index="0">
              <value>
                <![CDATA["Verify add new contact api successfully execute and take newly created contactID"]]>
              </value>
            </param>
            <param index="1">
              <value>
                <![CDATA["Verify service provider screen API"]]>
              </value>
            </param>
          </params>
          <reporter-output>
          </reporter-output>
        </test-method> <!-- runScenario -->
        <test-method signature="runScenario(io.cucumber.testng.PickleWrapper,io.cucumber.testng.FeatureWrapper)[pri:0, instance:cucumberOptionTestng.TestRunnerTestNG@7c6908d7]" started-at="2025-12-12T18:41:45 IST" name="runScenario" description="Runs Cucumber Scenarios" data-provider="scenarios" finished-at="2025-12-12T18:41:45 IST" duration-ms="74" status="PASS">
          <params>
            <param index="0">
              <value>
                <![CDATA["Verify all contact userlist and check newly created contactid is present in list"]]>
              </value>
            </param>
            <param index="1">
              <value>
                <![CDATA["Verify service provider screen API"]]>
              </value>
            </param>
          </params>
          <reporter-output>
          </reporter-output>
        </test-method> <!-- runScenario -->
        <test-method signature="runScenario(io.cucumber.testng.PickleWrapper,io.cucumber.testng.FeatureWrapper)[pri:0, instance:cucumberOptionTestng.TestRunnerTestNG@7c6908d7]" started-at="2025-12-12T18:41:45 IST" name="runScenario" description="Runs Cucumber Scenarios" data-provider="scenarios" finished-at="2025-12-12T18:41:46 IST" duration-ms="140" status="PASS">
          <params>
            <param index="0">
              <value>
                <![CDATA["Verify newly created contact user details are same"]]>
              </value>
            </param>
            <param index="1">
              <value>
                <![CDATA["Verify service provider screen API"]]>
              </value>
            </param>
          </params>
          <reporter-output>
          </reporter-output>
        </test-method> <!-- runScenario -->
        <test-method signature="runScenario(io.cucumber.testng.PickleWrapper,io.cucumber.testng.FeatureWrapper)[pri:0, instance:cucumberOptionTestng.TestRunnerTestNG@7c6908d7]" started-at="2025-12-12T18:41:46 IST" name="runScenario" description="Runs Cucumber Scenarios" data-provider="scenarios" finished-at="2025-12-12T18:41:49 IST" duration-ms="2993" status="PASS">
          <params>
            <param index="0">
              <value>
                <![CDATA["Verify save service provider details api"]]>
              </value>
            </param>
            <param index="1">
              <value>
                <![CDATA["Verify service provider screen API"]]>
              </value>
            </param>
          </params>
          <reporter-output>
          </reporter-output>
        </test-method> <!-- runScenario -->
        <test-method signature="runScenario(io.cucumber.testng.PickleWrapper,io.cucumber.testng.FeatureWrapper)[pri:0, instance:cucumberOptionTestng.TestRunnerTestNG@7c6908d7]" started-at="2025-12-12T18:41:49 IST" name="runScenario" description="Runs Cucumber Scenarios" data-provider="scenarios" finished-at="2025-12-12T18:41:50 IST" duration-ms="1681" status="PASS">
          <params>
            <param index="0">
              <value>
                <![CDATA["Verify get details of saved service provider api  are same"]]>
              </value>
            </param>
            <param index="1">
              <value>
                <![CDATA["Verify service provider screen API"]]>
              </value>
            </param>
          </params>
          <reporter-output>
          </reporter-output>
        </test-method> <!-- runScenario -->
        <test-method is-config="true" signature="tearDownClass()[pri:0, instance:cucumberOptionTestng.TestRunnerTestNG@7c6908d7]" started-at="2025-12-12T18:41:50 IST" name="tearDownClass" finished-at="2025-12-12T18:41:50 IST" duration-ms="115" status="PASS">
          <reporter-output>
          </reporter-output>
        </test-method> <!-- tearDownClass -->
      </class> <!-- cucumberOptionTestng.TestRunnerTestNG -->
    </test> <!-- Default test -->
  </suite> <!-- Default suite -->
</testng-results>
